C51 COMPILER V9.60.0.0   SEVEN                                                             08/31/2022 16:27:42 PAGE 1   


C51 COMPILER V9.60.0.0, COMPILATION OF MODULE SEVEN
OBJECT MODULE PLACED IN .\Objects\seven.obj
COMPILER INVOKED BY: C:\Keil_v5\C51\BIN\C51.EXE seven.c OPTIMIZE(8,SPEED) BROWSE DEBUG OBJECTEXTEND PRINT(.\Listings\sev
                    -en.lst) TABS(2) OBJECT(.\Objects\seven.obj)

line level    source

   1          #include <reg51.h>
   2          
   3          void MSDelay(unsigned int i);
   4          
   5          void main(void){
   6   1        while(1){
   7   2        P2=0x3f;    //0
   8   2        MSDelay(25);
   9   2        P2=0x06;     //1
  10   2        MSDelay(25);
  11   2        P2=0x5b;     //2
  12   2        MSDelay(25);
  13   2        P2=0x4f; //3
  14   2        MSDelay(25);
  15   2        P2= 0x66; //4
  16   2        MSDelay(25);
  17   2        P2 = 0x6d; //5
  18   2        MSDelay(25);
  19   2        P2=0x7d ; //6
  20   2        MSDelay(25);
  21   2        P2=0x07; //7
  22   2        MSDelay(25);
  23   2        P2=0x7f; //8
  24   2        MSDelay(25);
  25   2        P2=0x67; //9
  26   2        MSDelay(25);
  27   2      }
  28   1        }
  29          
  30            void MSDelay(unsigned int itime){
  31   1          unsigned i,j;
  32   1          for(i=0;i<itime;i++)
  33   1          for(j=0;j<1275;j++);
  34   1        }


MODULE INFORMATION:   STATIC OVERLAYABLE
   CODE SIZE        =     98    ----
   CONSTANT SIZE    =   ----    ----
   XDATA SIZE       =   ----    ----
   PDATA SIZE       =   ----    ----
   DATA SIZE        =   ----    ----
   IDATA SIZE       =   ----    ----
   BIT SIZE         =   ----    ----
END OF MODULE INFORMATION.


C51 COMPILATION COMPLETE.  0 WARNING(S),  0 ERROR(S)
