C51 COMPILER V9.60.0.0   SENSOR                                                            09/02/2022 00:47:55 PAGE 1   


C51 COMPILER V9.60.0.0, COMPILATION OF MODULE SENSOR
OBJECT MODULE PLACED IN .\Objects\sensor.obj
COMPILER INVOKED BY: C:\Keil_v5\C51\BIN\C51.EXE sensor.c OPTIMIZE(8,SPEED) BROWSE DEBUG OBJECTEXTEND PRINT(.\Listings\se
                    -nsor.lst) TABS(2) OBJECT(.\Objects\sensor.obj)

line level    source

   1          #include <reg51.h>
   2          
   3          
   4          void delay(unsigned int itime);
   5          void lcd_cmd(unsigned char a);
   6          void lcd_data(unsigned char b);
   7          void lcd_init(void);
   8          void lcd_str(unsigned char *str);
   9          void hex2ascii(unsigned char value);
  10          sbit rs= P2^0;
  11          sbit en = P2^1;
  12          sfr port3 = 0xB0;
  13          
  14          sbit rd = P2^2;
  15          sbit wr = P2^3;
  16          sbit intr = P2^4;
  17          sfr adc = 0x90;
  18          
  19          void main(void){
  20   1        lcd_init();
  21   1        lcd_str(" MY NAME IS \n");
  22   1        lcd_cmd(0xC0);
  23   1        lcd_str(" BENJAMIN ");
  24   1        
  25   1        delay(25);
  26   1        lcd_cmd(0x01);
  27   1        lcd_cmd(0x80);
  28   1        lcd_str("ADC VALUE:  ");
  29   1        
  30   1        while(1){
  31   2          rd=1;
  32   2          wr=0;
  33   2          delay(7);
  34   2          wr=1;
  35   2          while(intr==1);
  36   2          delay(5);
  37   2          rd=0;
  38   2            lcd_data(0x8C);
  39   2          hex2ascii(adc);
  40   2          intr =1;
  41   2          
  42   2          
  43   2          
  44   2          
  45   2            }
  46   1        
  47   1        
  48   1      }
  49          void hex2ascii(unsigned char value){
  50   1        unsigned char x,d1,d2,d3;
  51   1        x=value/10;
  52   1        d3=value%10;
  53   1        d2=x%10;
  54   1        d1=x/10;
C51 COMPILER V9.60.0.0   SENSOR                                                            09/02/2022 00:47:55 PAGE 2   

  55   1        lcd_data(d1+0x30);
  56   1        lcd_data(d2+0x30);
  57   1        lcd_data(d3+0x30);
  58   1        
  59   1      }
  60          
  61          void delay(unsigned int itime){
  62   1        unsigned int i,j;
  63   1        for(i=0;i<itime;i++)
  64   1        for(j=0;j<1275;j++);
  65   1      }
  66          
  67          void lcd_init(){
  68   1        lcd_cmd(0x38);
  69   1        lcd_cmd(0x0C);
  70   1        lcd_cmd(0x01);
  71   1        lcd_cmd(0x80);
  72   1      }
  73          
  74          void lcd_cmd(unsigned char a){
  75   1        rs = 0;
  76   1        port3 = a;
  77   1        delay(5);
  78   1        en=0;
  79   1        delay(5);
  80   1        en=1;
  81   1        delay(5);
  82   1      }
  83          
  84          void lcd_data(unsigned char b){
  85   1        rs = 1;
  86   1        port3 = b;
  87   1        
  88   1        en=0;
  89   1        delay(5);
  90   1        en=1;
  91   1        delay(5);
  92   1      }
  93          
  94          void lcd_str(unsigned char *str){
  95   1        while(*str){
  96   2          lcd_data(*str++);
  97   2        }
  98   1      }


MODULE INFORMATION:   STATIC OVERLAYABLE
   CODE SIZE        =    260    ----
   CONSTANT SIZE    =     38    ----
   XDATA SIZE       =   ----    ----
   PDATA SIZE       =   ----    ----
   DATA SIZE        =   ----       5
   IDATA SIZE       =   ----    ----
   BIT SIZE         =   ----    ----
END OF MODULE INFORMATION.


C51 COMPILATION COMPLETE.  0 WARNING(S),  0 ERROR(S)
