C51 COMPILER V9.60.0.0   ATTEMPT1                                                          08/31/2022 14:08:23 PAGE 1   


C51 COMPILER V9.60.0.0, COMPILATION OF MODULE ATTEMPT1
OBJECT MODULE PLACED IN .\Objects\attempt1.obj
COMPILER INVOKED BY: C:\Keil_v5\C51\BIN\C51.EXE attempt1.c OPTIMIZE(8,SPEED) BROWSE DEBUG OBJECTEXTEND PRINT(.\Listings\
                    -attempt1.lst) TABS(2) OBJECT(.\Objects\attempt1.obj)

line level    source

   1          #include <reg51.h>
   2          
   3          void MSDelay(unsigned int i);
   4          
   5          sbit sensor = P1^1;
   6          sbit buzzer = P1^7;
   7          void MSDelay(unsigned int i);
   8          void main(void){
   9   1        while(1){
  10   2          if(sensor ==1){
  11   3            buzzer = 0;
  12   3            MSDelay(25);
  13   3            buzzer = 1;
  14   3            MSDelay(25);
  15   3          }
  16   2        }
  17   1      }
  18            
  19            
  20          void MSDelay(unsigned int itime){
  21   1          unsigned int i,j;
  22   1          for(i=0;i<itime;i++)
  23   1          for(j=0;j<1275;j++);
  24   1        }
  25            


MODULE INFORMATION:   STATIC OVERLAYABLE
   CODE SIZE        =     55    ----
   CONSTANT SIZE    =   ----    ----
   XDATA SIZE       =   ----    ----
   PDATA SIZE       =   ----    ----
   DATA SIZE        =   ----    ----
   IDATA SIZE       =   ----    ----
   BIT SIZE         =   ----    ----
END OF MODULE INFORMATION.


C51 COMPILATION COMPLETE.  0 WARNING(S),  0 ERROR(S)
