C51 COMPILER V9.60.0.0   TOGGLE                                                            08/31/2022 11:40:27 PAGE 1   


C51 COMPILER V9.60.0.0, COMPILATION OF MODULE TOGGLE
OBJECT MODULE PLACED IN .\Objects\toggle.obj
COMPILER INVOKED BY: C:\Keil_v5\C51\BIN\C51.EXE toggle.c OPTIMIZE(8,SPEED) BROWSE DEBUG OBJECTEXTEND PRINT(.\Listings\to
                    -ggle.lst) TABS(2) OBJECT(.\Objects\toggle.obj)

line level    source

   1          #include <reg51.h>
   2          
   3          void MSDelay(unsigned int i);
   4          
   5          void main(void){
   6   1        while(1){
   7   2          P2=0x55;
   8   2          P1=0xAA;
   9   2          MSDelay(250);
  10   2          P2=0xAA;
  11   2          P1=0x55;
  12   2          MSDelay(250);
  13   2        }
  14   1      }
  15          
  16          void MSDelay(unsigned int itime){
  17   1        unsigned i,j;
  18   1        for(i=0;i<itime;i++);
  19   1        for(j=0;j<1275;j++);
  20   1      }


MODULE INFORMATION:   STATIC OVERLAYABLE
   CODE SIZE        =     60    ----
   CONSTANT SIZE    =   ----    ----
   XDATA SIZE       =   ----    ----
   PDATA SIZE       =   ----    ----
   DATA SIZE        =   ----    ----
   IDATA SIZE       =   ----    ----
   BIT SIZE         =   ----    ----
END OF MODULE INFORMATION.


C51 COMPILATION COMPLETE.  0 WARNING(S),  0 ERROR(S)
