C51 COMPILER V9.60.0.0   KEEP                                                              09/01/2022 10:59:53 PAGE 1   


C51 COMPILER V9.60.0.0, COMPILATION OF MODULE KEEP
OBJECT MODULE PLACED IN .\Objects\keep.obj
COMPILER INVOKED BY: C:\Keil_v5\C51\BIN\C51.EXE keep.c OPTIMIZE(8,SPEED) BROWSE DEBUG OBJECTEXTEND PRINT(.\Listings\keep
                    -.lst) TABS(2) OBJECT(.\Objects\keep.obj)

line level    source

   1          // LCD interfacing with the microcontroller
   2          
   3          #include <reg51.h>
   4          
   5          void delay(unsigned int i);
   6          void lcd_cmd(unsigned char a);
   7          void lcd_data(unsigned char b);
   8          void lcd_init(void);
   9          void lcd_str(unsigned char *str);
  10          sbit rs = P2^0;
  11          sbit en = P2^1;
  12          sfr ldata = 0xB0;
  13            
  14          void main(void){
  15   1        lcd_init();
  16   1        lcd_str("  WELCOME  \n");
  17   1        lcd_cmd(0xC0);
  18   1        lcd_str(" TO BENS ");
  19   1        while(1);
  20   1        
  21   1      }
  22          
  23          
  24          void lcd_init(){
  25   1        lcd_cmd(0x38);
  26   1        lcd_cmd(0x0C);
  27   1        lcd_cmd(0x01);
  28   1        lcd_cmd(0x80);
  29   1      }
  30            
  31          
  32          
  33          
  34          void delay(unsigned int itime){
  35   1        unsigned i,j;
  36   1        for(i=0;i<itime;i++)
  37   1        for(j=0;j<1275;j++);
  38   1      }
  39          
  40          void lcd_cmd(unsigned char a){
  41   1        rs = 0;
  42   1        ldata = a;
  43   1        en = 1;
  44   1        delay(5);
  45   1        en  = 0;
  46   1        delay(5);
  47   1      }
  48          
  49          void lcd_data(unsigned char b){
  50   1        rs = 1;
  51   1        ldata = b;
  52   1        en = 1;
  53   1        delay(5);
  54   1        en  = 0;
C51 COMPILER V9.60.0.0   KEEP                                                              09/01/2022 10:59:53 PAGE 2   

  55   1        delay(5);
  56   1      }
  57          
  58          void lcd_str(unsigned char *str){
  59   1        while(*str){
  60   2          lcd_data(*str++);
  61   2        }
  62   1      }
  63            
  64            


MODULE INFORMATION:   STATIC OVERLAYABLE
   CODE SIZE        =    145    ----
   CONSTANT SIZE    =     23    ----
   XDATA SIZE       =   ----    ----
   PDATA SIZE       =   ----    ----
   DATA SIZE        =   ----       3
   IDATA SIZE       =   ----    ----
   BIT SIZE         =   ----    ----
END OF MODULE INFORMATION.


C51 COMPILATION COMPLETE.  0 WARNING(S),  0 ERROR(S)
