C51 COMPILER V9.60.0.0   LCD                                                               09/01/2022 19:43:07 PAGE 1   


C51 COMPILER V9.60.0.0, COMPILATION OF MODULE LCD
OBJECT MODULE PLACED IN .\Objects\lcd.obj
COMPILER INVOKED BY: C:\Keil_v5\C51\BIN\C51.EXE lcd.c OPTIMIZE(8,SPEED) BROWSE DEBUG OBJECTEXTEND PRINT(.\Listings\lcd.l
                    -st) TABS(2) OBJECT(.\Objects\lcd.obj)

line level    source

   1          #include <reg51.h>
   2          
   3          void delay(unsigned int i);
   4          void lcd_init(void);
   5          void lcd_cmd(unsigned char a);
   6          void lcd_data(unsigned char b);
   7          void lcd_str(unsigned char *str);
   8          sbit rs = P2^0;
   9          sbit en = P2^1;
  10          sfr port3 = 0xB0;
  11          
  12          sbit r1 = P1^0;
  13          sbit r2 = P1^1;
  14          sbit r3 = P1^2;
  15          sbit r4 = P1^3;
  16          
  17          sbit c1 = P1^4;
  18          sbit c2 = P1^5;
  19          sbit c3 = P1^6;
  20          void main(void){
  21   1        lcd_init();
  22   1        lcd_str(" WELCOME TO \n");
  23   1        lcd_cmd(0xC0);
  24   1        lcd_str(" QUANTICO ");
  25   1        lcd_cmd(0x01);
  26   1        lcd_str("PRESS ANY KEY ");
  27   1        lcd_cmd(0xC0);
  28   1        
  29   1      while(1){
  30   2        delay(10);
  31   2        r1=r2=r3=r4=0;
  32   2        c1=c2=c3=1;
  33   2        
  34   2        
  35   2        if(c1==0){
  36   3          r1=r2=r3=r4=1;
  37   3          c1=c2=c3=0;
  38   3          
  39   3          if(r1==0)
  40   3            lcd_data('1');
  41   3          if(r2==0)
  42   3            lcd_data('4');
  43   3          if(r3==0)
  44   3            lcd_data('7');
  45   3          if(r4==0)
  46   3            lcd_data('*');
  47   3          
  48   3        }
  49   2        else if(c2==0){
  50   3          r1=r2=r3=r4=1;
  51   3          c1=c2=c3=0;
  52   3          
  53   3          if(r1==0)
  54   3            lcd_data('2');
C51 COMPILER V9.60.0.0   LCD                                                               09/01/2022 19:43:07 PAGE 2   

  55   3          if(r2==0)
  56   3            lcd_data('5');
  57   3          if(r3==0)
  58   3            lcd_data('8');
  59   3          if(r4==0)
  60   3            lcd_data('0');
  61   3          
  62   3        }
  63   2        else if(c3==0){
  64   3          r1=r2=r3=r4=1;
  65   3          c1=c2=c3=0;
  66   3          
  67   3          if(r1==0)
  68   3            lcd_data('3');
  69   3          if(r2==0)
  70   3            lcd_data('6');
  71   3          if(r3==0)
  72   3            lcd_data('9');
  73   3          if(r4==0)
  74   3            lcd_data('#');
  75   3          
  76   3        }
  77   2      }
  78   1      }
  79          
  80            
  81            
  82            
  83          
  84          
  85          void delay(unsigned int itime){
  86   1        unsigned i,j;
  87   1        for(i=0;i<itime;i++)
  88   1        for(j=0;j<1275;j++);
  89   1      }
  90          
  91          void lcd_cmd(unsigned char a){
  92   1        rs = 0;
  93   1        port3 = a;
  94   1        en = 0;
  95   1        delay(5);
  96   1        en = 1;
  97   1        delay(5);
  98   1      }
  99          
 100          void lcd_data(unsigned char b)
 101          {
 102   1        rs = 1;
 103   1        port3 = b;
 104   1        en = 0;
 105   1        delay(5);
 106   1        en = 1;
 107   1        delay(5);
 108   1      }
 109          
 110          void lcd_init(){
 111   1        lcd_cmd(0x38);
 112   1        lcd_cmd(0x0C);
 113   1        lcd_cmd(0x01);
 114   1        lcd_cmd(0x80);
 115   1      }
 116          
C51 COMPILER V9.60.0.0   LCD                                                               09/01/2022 19:43:07 PAGE 3   

 117          void lcd_str(unsigned char *str){
 118   1        while(*str){
 119   2          lcd_data(*str++);
 120   2        }
 121   1      }


MODULE INFORMATION:   STATIC OVERLAYABLE
   CODE SIZE        =    337    ----
   CONSTANT SIZE    =     40    ----
   XDATA SIZE       =   ----    ----
   PDATA SIZE       =   ----    ----
   DATA SIZE        =   ----       3
   IDATA SIZE       =   ----    ----
   BIT SIZE         =   ----    ----
END OF MODULE INFORMATION.


C51 COMPILATION COMPLETE.  0 WARNING(S),  0 ERROR(S)
